c:\c++\projects\snake2\snake2\x64\release\vc141.pdb
c:\c++\projects\snake2\snake2\x64\release\snake2.obj
z:\work\repositories\learning\c++\projects\snake2\snake2\x64\release\vc141.pdb
z:\work\repositories\learning\c++\projects\snake2\snake2\x64\release\snake2.obj
c:\c++\projects\snake2\x64\release\snake2.exe
c:\c++\projects\snake2\x64\release\snake2.pdb
z:\work\repositories\learning\c++\projects\snake2\x64\release\snake2.exe
z:\work\repositories\learning\c++\projects\snake2\x64\release\snake2.pdb
c:\c++\projects\snake2\snake2\x64\release\snake2.res
c:\c++\projects\snake2\x64\release\snake2.ipdb
c:\c++\projects\snake2\x64\release\snake2.iobj
z:\work\repositories\learning\c++\projects\snake2\x64\release\snake2.ipdb
z:\work\repositories\learning\c++\projects\snake2\x64\release\snake2.iobj
z:\work\repositories\learning\c++\projects\snake2\snake2\x64\release\snake2.res
z:\work\repositories\learning\c++\projects\snake2\snake2\x64\release\snake2.tlog\cl.command.1.tlog
z:\work\repositories\learning\c++\projects\snake2\snake2\x64\release\snake2.tlog\cl.read.1.tlog
z:\work\repositories\learning\c++\projects\snake2\snake2\x64\release\snake2.tlog\cl.write.1.tlog
z:\work\repositories\learning\c++\projects\snake2\snake2\x64\release\snake2.tlog\link.command.1.tlog
z:\work\repositories\learning\c++\projects\snake2\snake2\x64\release\snake2.tlog\link.read.1.tlog
z:\work\repositories\learning\c++\projects\snake2\snake2\x64\release\snake2.tlog\link.write.1.tlog
z:\work\repositories\learning\c++\projects\snake2\snake2\x64\release\snake2.tlog\rc.command.1.tlog
z:\work\repositories\learning\c++\projects\snake2\snake2\x64\release\snake2.tlog\rc.read.1.tlog
z:\work\repositories\learning\c++\projects\snake2\snake2\x64\release\snake2.tlog\rc.write.1.tlog
z:\work\repositories\learning\c++\projects\snake2\snake2\x64\release\snake2.tlog\snake2.write.1u.tlog
